<?xml version="1.0" encoding="UTF-8"?>
<!-- Generated by org.testng.reporters.JUnitXMLReporter -->
<testsuite ignored="0" hostname="DESKTOP-A6J4GJ3" failures="0" tests="3" name="Default test" time="65.007" errors="0" timestamp="16 Jan 2021 13:33:18 GMT">
  <testcase classname="com.project.qa.testcases.LoginPageTest" name="LoginPageTitleTest" time="0.02"/>
  <testcase classname="com.project.qa.testcases.LoginPageTest" name="logoTest" time="0.046"/>
  <testcase classname="com.project.qa.testcases.LoginPageTest" name="LoginTest" time="8.42"/>
</testsuite> <!-- Default test -->
