<?xml version="1.0" encoding="UTF-8"?>
<testng-results ignored="0" total="3" passed="3" failed="0" skipped="0">
  <reporter-output>
  </reporter-output>
  <suite started-at="2021-01-16T13:32:13Z" name="Default suite" finished-at="2021-01-16T13:33:18Z" duration-ms="65007">
    <groups>
    </groups>
    <test started-at="2021-01-16T13:32:13Z" name="Default test" finished-at="2021-01-16T13:33:18Z" duration-ms="65007">
      <class name="com.project.qa.testcases.LoginPageTest">
        <test-method is-config="true" signature="setup()[pri:0, instance:com.project.qa.testcases.LoginPageTest@f0c8a99]" started-at="2021-01-16T19:02:13Z" name="setup" finished-at="2021-01-16T19:02:31Z" duration-ms="18642" status="PASS">
          <reporter-output>
          </reporter-output>
        </test-method> <!-- setup -->
        <test-method signature="LoginPageTitleTest()[pri:1, instance:com.project.qa.testcases.LoginPageTest@f0c8a99]" started-at="2021-01-16T19:02:31Z" name="LoginPageTitleTest" finished-at="2021-01-16T19:02:31Z" duration-ms="20" status="PASS">
          <reporter-output>
          </reporter-output>
        </test-method> <!-- LoginPageTitleTest -->
        <test-method is-config="true" signature="tearDown()[pri:0, instance:com.project.qa.testcases.LoginPageTest@f0c8a99]" started-at="2021-01-16T19:02:31Z" name="tearDown" finished-at="2021-01-16T19:02:32Z" duration-ms="1007" status="PASS">
          <reporter-output>
          </reporter-output>
        </test-method> <!-- tearDown -->
        <test-method is-config="true" signature="setup()[pri:0, instance:com.project.qa.testcases.LoginPageTest@f0c8a99]" started-at="2021-01-16T19:02:32Z" name="setup" finished-at="2021-01-16T19:02:50Z" duration-ms="17842" status="PASS">
          <reporter-output>
          </reporter-output>
        </test-method> <!-- setup -->
        <test-method signature="logoTest()[pri:2, instance:com.project.qa.testcases.LoginPageTest@f0c8a99]" started-at="2021-01-16T19:02:50Z" name="logoTest" finished-at="2021-01-16T19:02:50Z" duration-ms="46" status="PASS">
          <reporter-output>
          </reporter-output>
        </test-method> <!-- logoTest -->
        <test-method is-config="true" signature="tearDown()[pri:0, instance:com.project.qa.testcases.LoginPageTest@f0c8a99]" started-at="2021-01-16T19:02:50Z" name="tearDown" finished-at="2021-01-16T19:02:52Z" duration-ms="1540" status="PASS">
          <reporter-output>
          </reporter-output>
        </test-method> <!-- tearDown -->
        <test-method is-config="true" signature="setup()[pri:0, instance:com.project.qa.testcases.LoginPageTest@f0c8a99]" started-at="2021-01-16T19:02:52Z" name="setup" finished-at="2021-01-16T19:03:08Z" duration-ms="16661" status="PASS">
          <reporter-output>
          </reporter-output>
        </test-method> <!-- setup -->
        <test-method signature="LoginTest()[pri:3, instance:com.project.qa.testcases.LoginPageTest@f0c8a99]" started-at="2021-01-16T19:03:08Z" name="LoginTest" finished-at="2021-01-16T19:03:17Z" duration-ms="8420" status="PASS">
          <reporter-output>
          </reporter-output>
        </test-method> <!-- LoginTest -->
        <test-method is-config="true" signature="tearDown()[pri:0, instance:com.project.qa.testcases.LoginPageTest@f0c8a99]" started-at="2021-01-16T19:03:17Z" name="tearDown" finished-at="2021-01-16T19:03:18Z" duration-ms="792" status="PASS">
          <reporter-output>
          </reporter-output>
        </test-method> <!-- tearDown -->
      </class> <!-- com.project.qa.testcases.LoginPageTest -->
    </test> <!-- Default test -->
  </suite> <!-- Default suite -->
</testng-results>
